This is pdfTeX, Version 3.14159265-2.6-1.40.20 (TeX Live 2019/Arch Linux) (preloaded format=pdflatex 2020.5.6)  6 MAY 2020 11:44
entering extended mode
 restricted \write18 enabled.
 %&-line parsing enabled.
**/home/uwu/.config/xinit/Xresources
(/home/uwu/.config/xinit/Xresources
LaTeX2e <2019-10-01> patch level 1

! LaTeX Error: Missing \begin{document}.

See the LaTeX manual or LaTeX Companion for explanation.
Type  H <return>  for immediate help.
 ...                                              
                                                  
l.1 !
      X colors. 
Here is how much of TeX's memory you used:
 7 strings out of 492167
 369 string characters out of 6131559
 59380 words of memory out of 5000000
 4468 multiletter control sequences out of 15000+600000
 3640 words of font info for 14 fonts, out of 8000000 for 9000
 1141 hyphenation exceptions out of 8191
 5i,0n,4p,48b,14s stack positions out of 5000i,500n,10000p,200000b,80000s

!  ==> Fatal error occurred, no output PDF file produced!
